build/app/intermediates/manifest_merge_blame_file/debug/manifest-merger-blame-debug-report.txt
1<?xml version="1.0" encoding="utf-8"?>
2<manifest xmlns:android="http://schemas.android.com/apk/res/android"
3    package="com.example.weather"
4    android:versionCode="1"
5    android:versionName="1.0.0" >
6
7    <uses-sdk
8        android:minSdkVersion="21"
9        android:targetSdkVersion="34" />
10    <!--
11         The INTERNET permission is required for development. Specifically,
12         the Flutter tool needs it to communicate with the running application
13         to allow setting breakpoints, to provide hot reload, etc.
14    -->
15    <uses-permission android:name="android.permission.INTERNET" />
15-->src/debug/AndroidManifest.xml:6:5-66
15-->src/debug/AndroidManifest.xml:6:22-64
16    <uses-permission android:name="android.permission.ACCESS_FINE_LOCATION" />
16-->src/main/AndroidManifest.xml:4:5-78
16-->src/main/AndroidManifest.xml:4:22-76
17    <uses-permission android:name="android.permission.ACCESS_COARSE_LOCATION" />
17-->src/main/AndroidManifest.xml:5:5-80
17-->src/main/AndroidManifest.xml:5:22-78
18    <uses-permission android:name="android.permission.ACCESS_BACKGROUND_LOCATION" />
18-->src/main/AndroidManifest.xml:6:5-85
18-->src/main/AndroidManifest.xml:6:22-82
19    <!--
20 Required to query activities that can process text, see:
21         https://developer.android.com/training/package-visibility and
22         https://developer.android.com/reference/android/content/Intent#ACTION_PROCESS_TEXT.
23
24         In particular, this is used by the Flutter engine in io.flutter.plugin.text.ProcessTextPlugin.
25    -->
26    <queries>
26-->src/main/AndroidManifest.xml:46:5-51:15
27        <intent>
27-->src/main/AndroidManifest.xml:47:9-50:18
28            <action android:name="android.intent.action.PROCESS_TEXT" />
28-->src/main/AndroidManifest.xml:48:13-72
28-->src/main/AndroidManifest.xml:48:21-70
29
30            <data android:mimeType="text/plain" />
30-->src/main/AndroidManifest.xml:49:13-50
30-->src/main/AndroidManifest.xml:49:19-48
31        </intent>
32    </queries>
33
34    <permission
34-->[androidx.core:core:1.13.1] AndroidManifest.xml:22:5-24:47
35        android:name="com.example.weather.DYNAMIC_RECEIVER_NOT_EXPORTED_PERMISSION"
35-->[androidx.core:core:1.13.1] AndroidManifest.xml:23:9-81
36        android:protectionLevel="signature" />
36-->[androidx.core:core:1.13.1] AndroidManifest.xml:24:9-44
37
38    <uses-permission android:name="com.example.weather.DYNAMIC_RECEIVER_NOT_EXPORTED_PERMISSION" />
38-->[androidx.core:core:1.13.1] AndroidManifest.xml:26:5-97
38-->[androidx.core:core:1.13.1] AndroidManifest.xml:26:22-94
39
40    <application
41        android:name="android.app.Application"
42        android:appComponentFactory="androidx.core.app.CoreComponentFactory"
42-->[androidx.core:core:1.13.1] AndroidManifest.xml:28:18-86
43        android:debuggable="true"
44        android:enableOnBackInvokedCallback="true"
45        android:extractNativeLibs="true"
46        android:icon="@mipmap/ic_launcher"
47        android:label="weather" >
48        <activity
49            android:name="com.example.weather.MainActivity"
50            android:configChanges="orientation|keyboardHidden|keyboard|screenSize|smallestScreenSize|locale|layoutDirection|fontScale|screenLayout|density|uiMode"
51            android:exported="true"
52            android:hardwareAccelerated="true"
53            android:launchMode="singleTop"
54            android:taskAffinity=""
55            android:theme="@style/LaunchTheme"
56            android:windowSoftInputMode="adjustResize" >
57
58            <!--
59                 Specifies an Android theme to apply to this Activity as soon as
60                 the Android process has started. This theme is visible to the user
61                 while the Flutter UI initializes. After that, this theme continues
62                 to determine the Window background behind the Flutter UI.
63            -->
64            <meta-data
65                android:name="io.flutter.embedding.android.NormalTheme"
66                android:resource="@style/NormalTheme" />
67
68            <intent-filter>
69                <action android:name="android.intent.action.MAIN" />
70
71                <category android:name="android.intent.category.LAUNCHER" />
72            </intent-filter>
73        </activity>
74        <!--
75             Don't delete the meta-data below.
76             This is used by the Flutter tool to generate GeneratedPluginRegistrant.java
77        -->
78        <meta-data
79            android:name="flutterEmbedding"
80            android:value="2" />
81
82        <service
82-->[:geolocator_android] AndroidManifest.xml:8:9-12:56
83            android:name="com.baseflow.geolocator.GeolocatorLocationService"
83-->[:geolocator_android] AndroidManifest.xml:9:13-77
84            android:enabled="true"
84-->[:geolocator_android] AndroidManifest.xml:10:13-35
85            android:exported="false"
85-->[:geolocator_android] AndroidManifest.xml:11:13-37
86            android:foregroundServiceType="location" />
86-->[:geolocator_android] AndroidManifest.xml:12:13-53
87
88        <uses-library
88-->[androidx.window:window:1.2.0] AndroidManifest.xml:23:9-25:40
89            android:name="androidx.window.extensions"
89-->[androidx.window:window:1.2.0] AndroidManifest.xml:24:13-54
90            android:required="false" />
90-->[androidx.window:window:1.2.0] AndroidManifest.xml:25:13-37
91        <uses-library
91-->[androidx.window:window:1.2.0] AndroidManifest.xml:26:9-28:40
92            android:name="androidx.window.sidecar"
92-->[androidx.window:window:1.2.0] AndroidManifest.xml:27:13-51
93            android:required="false" />
93-->[androidx.window:window:1.2.0] AndroidManifest.xml:28:13-37
94
95        <activity
95-->[com.google.android.gms:play-services-base:18.3.0] AndroidManifest.xml:20:9-22:45
96            android:name="com.google.android.gms.common.api.GoogleApiActivity"
96-->[com.google.android.gms:play-services-base:18.3.0] AndroidManifest.xml:20:19-85
97            android:exported="false"
97-->[com.google.android.gms:play-services-base:18.3.0] AndroidManifest.xml:22:19-43
98            android:theme="@android:style/Theme.Translucent.NoTitleBar" />
98-->[com.google.android.gms:play-services-base:18.3.0] AndroidManifest.xml:21:19-78
99
100        <meta-data
100-->[com.google.android.gms:play-services-basement:18.3.0] AndroidManifest.xml:21:9-23:69
101            android:name="com.google.android.gms.version"
101-->[com.google.android.gms:play-services-basement:18.3.0] AndroidManifest.xml:22:13-58
102            android:value="@integer/google_play_services_version" />
102-->[com.google.android.gms:play-services-basement:18.3.0] AndroidManifest.xml:23:13-66
103
104        <provider
104-->[androidx.lifecycle:lifecycle-process:2.7.0] AndroidManifest.xml:24:9-32:20
105            android:name="androidx.startup.InitializationProvider"
105-->[androidx.lifecycle:lifecycle-process:2.7.0] AndroidManifest.xml:25:13-67
106            android:authorities="com.example.weather.androidx-startup"
106-->[androidx.lifecycle:lifecycle-process:2.7.0] AndroidManifest.xml:26:13-68
107            android:exported="false" >
107-->[androidx.lifecycle:lifecycle-process:2.7.0] AndroidManifest.xml:27:13-37
108            <meta-data
108-->[androidx.lifecycle:lifecycle-process:2.7.0] AndroidManifest.xml:29:13-31:52
109                android:name="androidx.lifecycle.ProcessLifecycleInitializer"
109-->[androidx.lifecycle:lifecycle-process:2.7.0] AndroidManifest.xml:30:17-78
110                android:value="androidx.startup" />
110-->[androidx.lifecycle:lifecycle-process:2.7.0] AndroidManifest.xml:31:17-49
111            <meta-data
111-->[androidx.profileinstaller:profileinstaller:1.3.1] AndroidManifest.xml:29:13-31:52
112                android:name="androidx.profileinstaller.ProfileInstallerInitializer"
112-->[androidx.profileinstaller:profileinstaller:1.3.1] AndroidManifest.xml:30:17-85
113                android:value="androidx.startup" />
113-->[androidx.profileinstaller:profileinstaller:1.3.1] AndroidManifest.xml:31:17-49
114        </provider>
115
116        <receiver
116-->[androidx.profileinstaller:profileinstaller:1.3.1] AndroidManifest.xml:34:9-52:20
117            android:name="androidx.profileinstaller.ProfileInstallReceiver"
117-->[androidx.profileinstaller:profileinstaller:1.3.1] AndroidManifest.xml:35:13-76
118            android:directBootAware="false"
118-->[androidx.profileinstaller:profileinstaller:1.3.1] AndroidManifest.xml:36:13-44
119            android:enabled="true"
119-->[androidx.profileinstaller:profileinstaller:1.3.1] AndroidManifest.xml:37:13-35
120            android:exported="true"
120-->[androidx.profileinstaller:profileinstaller:1.3.1] AndroidManifest.xml:38:13-36
121            android:permission="android.permission.DUMP" >
121-->[androidx.profileinstaller:profileinstaller:1.3.1] AndroidManifest.xml:39:13-57
122            <intent-filter>
122-->[androidx.profileinstaller:profileinstaller:1.3.1] AndroidManifest.xml:40:13-42:29
123                <action android:name="androidx.profileinstaller.action.INSTALL_PROFILE" />
123-->[androidx.profileinstaller:profileinstaller:1.3.1] AndroidManifest.xml:41:17-91
123-->[androidx.profileinstaller:profileinstaller:1.3.1] AndroidManifest.xml:41:25-88
124            </intent-filter>
125            <intent-filter>
125-->[androidx.profileinstaller:profileinstaller:1.3.1] AndroidManifest.xml:43:13-45:29
126                <action android:name="androidx.profileinstaller.action.SKIP_FILE" />
126-->[androidx.profileinstaller:profileinstaller:1.3.1] AndroidManifest.xml:44:17-85
126-->[androidx.profileinstaller:profileinstaller:1.3.1] AndroidManifest.xml:44:25-82
127            </intent-filter>
128            <intent-filter>
128-->[androidx.profileinstaller:profileinstaller:1.3.1] AndroidManifest.xml:46:13-48:29
129                <action android:name="androidx.profileinstaller.action.SAVE_PROFILE" />
129-->[androidx.profileinstaller:profileinstaller:1.3.1] AndroidManifest.xml:47:17-88
129-->[androidx.profileinstaller:profileinstaller:1.3.1] AndroidManifest.xml:47:25-85
130            </intent-filter>
131            <intent-filter>
131-->[androidx.profileinstaller:profileinstaller:1.3.1] AndroidManifest.xml:49:13-51:29
132                <action android:name="androidx.profileinstaller.action.BENCHMARK_OPERATION" />
132-->[androidx.profileinstaller:profileinstaller:1.3.1] AndroidManifest.xml:50:17-95
132-->[androidx.profileinstaller:profileinstaller:1.3.1] AndroidManifest.xml:50:25-92
133            </intent-filter>
134        </receiver>
135    </application>
136
137</manifest>